  main.cpp
c:\users\cory\desktop\armageddon\armegeddon\player.h(28): warning C4482: nonstandard extension used: enum 'Shapes::shapeType' used in qualified name
c:\users\cory\desktop\armageddon\armegeddon\armageddon.h(95): warning C4996: 'strcpy': This function or variable may be unsafe. Consider using strcpy_s instead. To disable deprecation, use _CRT_SECURE_NO_WARNINGS. See online help for details.
          c:\program files (x86)\microsoft visual studio 10.0\vc\include\string.h(105) : see declaration of 'strcpy'
c:\users\cory\desktop\armageddon\armegeddon\armageddon.h(96): warning C4996: 'itoa': The POSIX name for this item is deprecated. Instead, use the ISO C++ conformant name: _itoa. See online help for details.
          c:\program files (x86)\microsoft visual studio 10.0\vc\include\stdlib.h(867) : see declaration of 'itoa'
c:\users\cory\desktop\armageddon\armegeddon\armageddon.h(97): warning C4996: 'strcat': This function or variable may be unsafe. Consider using strcat_s instead. To disable deprecation, use _CRT_SECURE_NO_WARNINGS. See online help for details.
          c:\program files (x86)\microsoft visual studio 10.0\vc\include\string.h(110) : see declaration of 'strcat'
c:\users\cory\desktop\armageddon\armegeddon\armageddon.h(105): warning C4996: 'strcpy': This function or variable may be unsafe. Consider using strcpy_s instead. To disable deprecation, use _CRT_SECURE_NO_WARNINGS. See online help for details.
          c:\program files (x86)\microsoft visual studio 10.0\vc\include\string.h(105) : see declaration of 'strcpy'
c:\users\cory\desktop\armageddon\armegeddon\armageddon.h(106): warning C4996: 'itoa': The POSIX name for this item is deprecated. Instead, use the ISO C++ conformant name: _itoa. See online help for details.
          c:\program files (x86)\microsoft visual studio 10.0\vc\include\stdlib.h(867) : see declaration of 'itoa'
c:\users\cory\desktop\armageddon\armegeddon\armageddon.h(107): warning C4996: 'strcat': This function or variable may be unsafe. Consider using strcat_s instead. To disable deprecation, use _CRT_SECURE_NO_WARNINGS. See online help for details.
          c:\program files (x86)\microsoft visual studio 10.0\vc\include\string.h(110) : see declaration of 'strcat'
c:\users\cory\desktop\armageddon\armegeddon\armageddon.h(134): warning C4996: 'strcpy': This function or variable may be unsafe. Consider using strcpy_s instead. To disable deprecation, use _CRT_SECURE_NO_WARNINGS. See online help for details.
          c:\program files (x86)\microsoft visual studio 10.0\vc\include\string.h(105) : see declaration of 'strcpy'
c:\users\cory\desktop\armageddon\armegeddon\armageddon.h(135): warning C4996: 'itoa': The POSIX name for this item is deprecated. Instead, use the ISO C++ conformant name: _itoa. See online help for details.
          c:\program files (x86)\microsoft visual studio 10.0\vc\include\stdlib.h(867) : see declaration of 'itoa'
c:\users\cory\desktop\armageddon\armegeddon\armageddon.h(136): warning C4996: 'strcat': This function or variable may be unsafe. Consider using strcat_s instead. To disable deprecation, use _CRT_SECURE_NO_WARNINGS. See online help for details.
          c:\program files (x86)\microsoft visual studio 10.0\vc\include\string.h(110) : see declaration of 'strcat'
c:\users\cory\desktop\armageddon\armegeddon\armageddon.h(144): warning C4996: 'strcpy': This function or variable may be unsafe. Consider using strcpy_s instead. To disable deprecation, use _CRT_SECURE_NO_WARNINGS. See online help for details.
          c:\program files (x86)\microsoft visual studio 10.0\vc\include\string.h(105) : see declaration of 'strcpy'
c:\users\cory\desktop\armageddon\armegeddon\armageddon.h(145): warning C4996: 'itoa': The POSIX name for this item is deprecated. Instead, use the ISO C++ conformant name: _itoa. See online help for details.
          c:\program files (x86)\microsoft visual studio 10.0\vc\include\stdlib.h(867) : see declaration of 'itoa'
c:\users\cory\desktop\armageddon\armegeddon\armageddon.h(146): warning C4996: 'strcat': This function or variable may be unsafe. Consider using strcat_s instead. To disable deprecation, use _CRT_SECURE_NO_WARNINGS. See online help for details.
          c:\program files (x86)\microsoft visual studio 10.0\vc\include\string.h(110) : see declaration of 'strcat'
c:\users\cory\desktop\armageddon\armegeddon\armageddon.h(167): warning C4996: 'fopen': This function or variable may be unsafe. Consider using fopen_s instead. To disable deprecation, use _CRT_SECURE_NO_WARNINGS. See online help for details.
          c:\program files (x86)\microsoft visual studio 10.0\vc\include\stdio.h(234) : see declaration of 'fopen'
c:\users\cory\desktop\armageddon\armegeddon\armageddon.h(169): warning C4996: 'strcpy': This function or variable may be unsafe. Consider using strcpy_s instead. To disable deprecation, use _CRT_SECURE_NO_WARNINGS. See online help for details.
          c:\program files (x86)\microsoft visual studio 10.0\vc\include\string.h(105) : see declaration of 'strcpy'
c:\users\cory\desktop\armageddon\armegeddon\armageddon.h(275): warning C4482: nonstandard extension used: enum 'Shapes::shapeType' used in qualified name
c:\users\cory\desktop\armageddon\armegeddon\armageddon.h(288): warning C4482: nonstandard extension used: enum 'Shapes::shapeType' used in qualified name
c:\users\cory\desktop\armageddon\armegeddon\armageddon.h(296): warning C4482: nonstandard extension used: enum 'Shapes::shapeType' used in qualified name
c:\users\cory\desktop\armageddon\armegeddon\armageddon.h(336): warning C4996: 'fopen': This function or variable may be unsafe. Consider using fopen_s instead. To disable deprecation, use _CRT_SECURE_NO_WARNINGS. See online help for details.
          c:\program files (x86)\microsoft visual studio 10.0\vc\include\stdio.h(234) : see declaration of 'fopen'
c:\users\cory\desktop\armageddon\armegeddon\armageddon.h(504): warning C4244: 'argument' : conversion from 'float' to 'sf::Uint8', possible loss of data
c:\users\cory\desktop\armageddon\armegeddon\armageddon.h(521): warning C4244: 'argument' : conversion from 'float' to 'sf::Uint8', possible loss of data
c:\users\cory\desktop\armageddon\armegeddon\armageddon.h(708): warning C4244: 'argument' : conversion from 'int' to 'float', possible loss of data
c:\users\cory\desktop\armageddon\armegeddon\armageddon.h(735): warning C4244: 'argument' : conversion from 'int' to 'float', possible loss of data
c:\users\cory\desktop\armageddon\armegeddon\armageddon.h(746): warning C4244: 'argument' : conversion from 'int' to 'float', possible loss of data
c:\users\cory\desktop\armageddon\armegeddon\armageddon.h(779): warning C4244: 'argument' : conversion from 'int' to 'float', possible loss of data
c:\users\cory\desktop\armageddon\armegeddon\armageddon.h(805): warning C4244: 'argument' : conversion from 'int' to 'float', possible loss of data
c:\users\cory\desktop\armageddon\armegeddon\armageddon.h(815): warning C4244: 'argument' : conversion from 'int' to 'float', possible loss of data
  Armegeddon.vcxproj -> C:\Users\Cory\Desktop\Armageddon\Debug\Armegeddon.exe
